2023-01-09 12:04:52,031 [Worker-2: Loading available Gradle versions] INFO  o.e.b.c.i.u.g.PublishedGradleVersions - Gradle version information cache is out-of-date. Trying to update.
2023-01-09 12:10:06,762 [Worker-19: Importing Maven projects] INFO  o.e.m.c.i.l.LifecycleMappingFactory - Using org.eclipse.m2e.jdt.JarLifecycleMapping lifecycle mapping for MavenProject: com.first:SpringBootFirst:0.0.1-SNAPSHOT @ C:\Users\91958\Downloads\SpringBoot-Application-master\SpringBoot-Application-master\SpringBootFirst\pom.xml.
2023-01-09 12:10:34,163 [Worker-22: Download sources and javadoc] INFO  o.e.m.c.i.e.AbstractTransferListenerAdapter - Downloaded https://repo.maven.apache.org/maven2/antlr/antlr/2.7.7/antlr-2.7.7-javadoc.jar
2023-01-09 12:10:34,361 [Worker-22: Download sources and javadoc] ERROR o.e.m.j.internal.DownloadSourcesJob - Could not download javadoc for antlr:antlr:2.7.7
org.eclipse.core.runtime.CoreException: Could not resolve artifact antlr:antlr:jar:javadoc:2.7.7
	at org.eclipse.m2e.core.internal.embedder.MavenImpl.lambda$6(MavenImpl.java:587)
	at org.eclipse.m2e.core.internal.embedder.MavenExecutionContext.executeBare(MavenExecutionContext.java:364)
	at org.eclipse.m2e.core.internal.embedder.MavenExecutionContext.execute(MavenExecutionContext.java:227)
	at org.eclipse.m2e.core.internal.embedder.MavenExecutionContext.execute(MavenExecutionContext.java:213)
	at org.eclipse.m2e.core.internal.embedder.MavenImpl.resolve(MavenImpl.java:556)
	at org.eclipse.m2e.core.internal.embedder.MavenImpl.resolve(MavenImpl.java:541)
	at org.eclipse.m2e.jdt.internal.DownloadSourcesJob.download(DownloadSourcesJob.java:308)
	at org.eclipse.m2e.jdt.internal.DownloadSourcesJob.downloadAttachments(DownloadSourcesJob.java:294)
	at org.eclipse.m2e.jdt.internal.DownloadSourcesJob.downloadMaven(DownloadSourcesJob.java:252)
	at org.eclipse.m2e.jdt.internal.DownloadSourcesJob.downloadFilesAndPopulateToUpdate(DownloadSourcesJob.java:220)
	at org.eclipse.m2e.jdt.internal.DownloadSourcesJob.lambda$0(DownloadSourcesJob.java:149)
	at org.eclipse.m2e.core.internal.embedder.MavenExecutionContext.executeBare(MavenExecutionContext.java:364)
	at org.eclipse.m2e.core.internal.embedder.MavenExecutionContext.execute(MavenExecutionContext.java:274)
	at org.eclipse.m2e.core.internal.embedder.MavenExecutionContext.execute(MavenExecutionContext.java:213)
	at org.eclipse.m2e.core.embedder.IMaven.execute(IMaven.java:294)
	at org.eclipse.m2e.jdt.internal.DownloadSourcesJob.run(DownloadSourcesJob.java:149)
	at org.eclipse.core.internal.jobs.Worker.run(Worker.java:63)
2023-01-09 12:10:35,252 [Worker-22: Download sources and javadoc] INFO  o.e.m.c.i.e.AbstractTransferListenerAdapter - Downloading https://repo.maven.apache.org/maven2/org/springframework/spring-test/5.3.15/spring-test-5.3.15-sources.jar
2023-01-09 12:10:36,181 [Worker-22: Download sources and javadoc] INFO  o.e.m.c.i.e.AbstractTransferListenerAdapter - Downloaded https://repo.maven.apache.org/maven2/org/springframework/spring-test/5.3.15/spring-test-5.3.15-sources.jar
2023-01-09 12:10:36,189 [Worker-22: Download sources and javadoc] INFO  o.e.m.j.internal.DownloadSourcesJob - Downloaded sources for org.springframework:spring-test:5.3.15
2023-01-09 12:10:36,923 [Worker-22: Download sources and javadoc] INFO  o.e.m.c.i.e.AbstractTransferListenerAdapter - Downloading https://repo.maven.apache.org/maven2/org/xmlunit/xmlunit-core/2.8.4/xmlunit-core-2.8.4-sources.jar
2023-01-09 12:10:37,483 [Worker-22: Download sources and javadoc] INFO  o.e.m.c.i.e.AbstractTransferListenerAdapter - Downloaded https://repo.maven.apache.org/maven2/org/xmlunit/xmlunit-core/2.8.4/xmlunit-core-2.8.4-sources.jar
2023-01-09 12:10:37,495 [Worker-22: Download sources and javadoc] INFO  o.e.m.j.internal.DownloadSourcesJob - Downloaded sources for org.xmlunit:xmlunit-core:2.8.4
2023-01-09 12:10:44,672 [Worker-19: Importing Maven projects] INFO  o.e.m.j.i.AbstractJavaProjectConfigurator - Adding source folder /SpringBootFirst/src/main/java
2023-01-09 12:10:44,674 [Worker-19: Importing Maven projects] INFO  o.e.m.j.i.AbstractJavaProjectConfigurator - Adding resource folder /SpringBootFirst/src/main/resources
2023-01-09 12:10:44,675 [Worker-19: Importing Maven projects] INFO  o.e.m.j.i.AbstractJavaProjectConfigurator - Adding resource folder /SpringBootFirst/src/main/resources
2023-01-09 12:10:44,677 [Worker-19: Importing Maven projects] INFO  o.e.m.j.i.AbstractJavaProjectConfigurator - Adding source folder /SpringBootFirst/src/test/java
2023-01-09 12:10:45,454 [Worker-19: Importing Maven projects] INFO  o.e.m.c.i.p.ProjectConfigurationManager - Imported and configured 1 project(s) in 59 sec
2023-01-09 12:10:46,605 [Worker-19: Updating Maven Project] INFO  o.e.m.c.i.p.ProjectConfigurationManager - Update started
2023-01-09 12:10:47,684 [Worker-19: Updating Maven Project] INFO  o.e.m.c.i.l.LifecycleMappingFactory - Using org.eclipse.m2e.jdt.JarLifecycleMapping lifecycle mapping for MavenProject: com.first:SpringBootFirst:0.0.1-SNAPSHOT @ C:\Users\91958\Downloads\SpringBoot-Application-master\SpringBoot-Application-master\SpringBootFirst\pom.xml.
2023-01-09 12:10:50,220 [Worker-19: Updating Maven Project] INFO  o.e.m.j.i.AbstractJavaProjectConfigurator - Adding source folder /SpringBootFirst/src/main/java
2023-01-09 12:10:50,221 [Worker-19: Updating Maven Project] INFO  o.e.m.j.i.AbstractJavaProjectConfigurator - Adding resource folder /SpringBootFirst/src/main/resources
2023-01-09 12:10:50,222 [Worker-19: Updating Maven Project] INFO  o.e.m.j.i.AbstractJavaProjectConfigurator - Adding resource folder /SpringBootFirst/src/main/resources
2023-01-09 12:10:50,223 [Worker-19: Updating Maven Project] INFO  o.e.m.j.i.AbstractJavaProjectConfigurator - Adding source folder /SpringBootFirst/src/test/java
2023-01-09 12:10:52,823 [Worker-19: Updating Maven Project] INFO  o.e.m.c.i.p.ProjectConfigurationManager - Update completed for 1 poms: local refresh takes 0.00 sec, refresh facades takes 3.00 sec, update config takes 0.00 sec 
2023-01-09 12:11:16,764 [Worker-23: Updating Maven Project] INFO  o.e.m.c.i.p.ProjectConfigurationManager - Update started
2023-01-09 12:11:17,699 [Worker-23: Updating Maven Project] INFO  o.e.m.c.i.l.LifecycleMappingFactory - Using org.eclipse.m2e.jdt.JarLifecycleMapping lifecycle mapping for MavenProject: com.first:SpringBootFirst:0.0.1-SNAPSHOT @ C:\Users\91958\Downloads\SpringBoot-Application-master\SpringBoot-Application-master\SpringBootFirst\pom.xml.
2023-01-09 12:11:20,059 [Worker-23: Updating Maven Project] INFO  o.e.m.j.i.AbstractJavaProjectConfigurator - Adding source folder /SpringBootFirst/src/main/java
2023-01-09 12:11:20,060 [Worker-23: Updating Maven Project] INFO  o.e.m.j.i.AbstractJavaProjectConfigurator - Adding resource folder /SpringBootFirst/src/main/resources
2023-01-09 12:11:20,060 [Worker-23: Updating Maven Project] INFO  o.e.m.j.i.AbstractJavaProjectConfigurator - Adding resource folder /SpringBootFirst/src/main/resources
2023-01-09 12:11:20,061 [Worker-23: Updating Maven Project] INFO  o.e.m.j.i.AbstractJavaProjectConfigurator - Adding source folder /SpringBootFirst/src/test/java
2023-01-09 12:11:20,584 [Worker-23: Updating Maven Project] INFO  o.e.m.c.i.p.ProjectConfigurationManager - Update completed for 1 poms: local refresh takes 0.00 sec, refresh facades takes 3.00 sec, update config takes 0.00 sec 
2023-01-09 12:16:10,997 [Worker-24: Launching Executing install in C__Users_91958_Downloads_SpringBoot-Application-master_SpringBoot-Application-master_SpringBootFirst] INFO  o.eclipse.m2e.core.internal.Bundles - getClasspathEntries(Bundle=org.eclipse.m2e.maven.runtime_3.8.604.20221130-2149 [603])
2023-01-09 12:16:11,007 [Worker-24: Launching Executing install in C__Users_91958_Downloads_SpringBoot-Application-master_SpringBoot-Application-master_SpringBootFirst] INFO  o.eclipse.m2e.core.internal.Bundles - 	Entry: C:\Users\91958\.p2\pool\plugins\org.eclipse.m2e.maven.runtime_3.8.604.20221130-2149
2023-01-09 12:16:11,007 [Worker-24: Launching Executing install in C__Users_91958_Downloads_SpringBoot-Application-master_SpringBoot-Application-master_SpringBootFirst] INFO  o.eclipse.m2e.core.internal.Bundles - 	Entry: C:\Users\91958\.p2\pool\plugins\org.eclipse.m2e.maven.runtime_3.8.604.20221130-2149\jars\aether-connector-okhttp-0.17.8.jar
2023-01-09 12:16:11,008 [Worker-24: Launching Executing install in C__Users_91958_Downloads_SpringBoot-Application-master_SpringBoot-Application-master_SpringBootFirst] INFO  o.eclipse.m2e.core.internal.Bundles - 	Entry: C:\Users\91958\.p2\pool\plugins\org.eclipse.m2e.maven.runtime_3.8.604.20221130-2149\jars\commons-cli-1.4.jar
2023-01-09 12:16:11,008 [Worker-24: Launching Executing install in C__Users_91958_Downloads_SpringBoot-Application-master_SpringBoot-Application-master_SpringBootFirst] INFO  o.eclipse.m2e.core.internal.Bundles - 	Entry: C:\Users\91958\.p2\pool\plugins\org.eclipse.m2e.maven.runtime_3.8.604.20221130-2149\jars\commons-io-2.6.jar
2023-01-09 12:16:11,008 [Worker-24: Launching Executing install in C__Users_91958_Downloads_SpringBoot-Application-master_SpringBoot-Application-master_SpringBootFirst] INFO  o.eclipse.m2e.core.internal.Bundles - 	Entry: C:\Users\91958\.p2\pool\plugins\org.eclipse.m2e.maven.runtime_3.8.604.20221130-2149\jars\commons-lang3-3.8.1.jar
2023-01-09 12:16:11,009 [Worker-24: Launching Executing install in C__Users_91958_Downloads_SpringBoot-Application-master_SpringBoot-Application-master_SpringBootFirst] INFO  o.eclipse.m2e.core.internal.Bundles - 	Entry: C:\Users\91958\.p2\pool\plugins\org.eclipse.m2e.maven.runtime_3.8.604.20221130-2149\jars\guice-4.2.2-no_aop.jar
2023-01-09 12:16:11,009 [Worker-24: Launching Executing install in C__Users_91958_Downloads_SpringBoot-Application-master_SpringBoot-Application-master_SpringBootFirst] INFO  o.eclipse.m2e.core.internal.Bundles - 	Entry: C:\Users\91958\.p2\pool\plugins\org.eclipse.m2e.maven.runtime_3.8.604.20221130-2149\jars\jansi-2.4.0.jar
2023-01-09 12:16:11,010 [Worker-24: Launching Executing install in C__Users_91958_Downloads_SpringBoot-Application-master_SpringBoot-Application-master_SpringBootFirst] INFO  o.eclipse.m2e.core.internal.Bundles - 	Entry: C:\Users\91958\.p2\pool\plugins\org.eclipse.m2e.maven.runtime_3.8.604.20221130-2149\jars\maven-artifact-3.8.6.jar
2023-01-09 12:16:11,010 [Worker-24: Launching Executing install in C__Users_91958_Downloads_SpringBoot-Application-master_SpringBoot-Application-master_SpringBootFirst] INFO  o.eclipse.m2e.core.internal.Bundles - 	Entry: C:\Users\91958\.p2\pool\plugins\org.eclipse.m2e.maven.runtime_3.8.604.20221130-2149\jars\maven-builder-support-3.8.6.jar
2023-01-09 12:16:11,010 [Worker-24: Launching Executing install in C__Users_91958_Downloads_SpringBoot-Application-master_SpringBoot-Application-master_SpringBootFirst] INFO  o.eclipse.m2e.core.internal.Bundles - 	Entry: C:\Users\91958\.p2\pool\plugins\org.eclipse.m2e.maven.runtime_3.8.604.20221130-2149\jars\maven-compat-3.8.6.jar
2023-01-09 12:16:11,011 [Worker-24: Launching Executing install in C__Users_91958_Downloads_SpringBoot-Application-master_SpringBoot-Application-master_SpringBootFirst] INFO  o.eclipse.m2e.core.internal.Bundles - 	Entry: C:\Users\91958\.p2\pool\plugins\org.eclipse.m2e.maven.runtime_3.8.604.20221130-2149\jars\maven-core-3.8.6.jar
2023-01-09 12:16:11,011 [Worker-24: Launching Executing install in C__Users_91958_Downloads_SpringBoot-Application-master_SpringBoot-Application-master_SpringBootFirst] INFO  o.eclipse.m2e.core.internal.Bundles - 	Entry: C:\Users\91958\.p2\pool\plugins\org.eclipse.m2e.maven.runtime_3.8.604.20221130-2149\jars\maven-embedder-3.8.6.jar
2023-01-09 12:16:11,011 [Worker-24: Launching Executing install in C__Users_91958_Downloads_SpringBoot-Application-master_SpringBoot-Application-master_SpringBootFirst] INFO  o.eclipse.m2e.core.internal.Bundles - 	Entry: C:\Users\91958\.p2\pool\plugins\org.eclipse.m2e.maven.runtime_3.8.604.20221130-2149\jars\maven-model-3.8.6.jar
2023-01-09 12:16:11,011 [Worker-24: Launching Executing install in C__Users_91958_Downloads_SpringBoot-Application-master_SpringBoot-Application-master_SpringBootFirst] INFO  o.eclipse.m2e.core.internal.Bundles - 	Entry: C:\Users\91958\.p2\pool\plugins\org.eclipse.m2e.maven.runtime_3.8.604.20221130-2149\jars\maven-model-builder-3.8.6.jar
2023-01-09 12:16:11,012 [Worker-24: Launching Executing install in C__Users_91958_Downloads_SpringBoot-Application-master_SpringBoot-Application-master_SpringBootFirst] INFO  o.eclipse.m2e.core.internal.Bundles - 	Entry: C:\Users\91958\.p2\pool\plugins\org.eclipse.m2e.maven.runtime_3.8.604.20221130-2149\jars\maven-plugin-api-3.8.6.jar
2023-01-09 12:16:11,012 [Worker-24: Launching Executing install in C__Users_91958_Downloads_SpringBoot-Application-master_SpringBoot-Application-master_SpringBootFirst] INFO  o.eclipse.m2e.core.internal.Bundles - 	Entry: C:\Users\91958\.p2\pool\plugins\org.eclipse.m2e.maven.runtime_3.8.604.20221130-2149\jars\maven-repository-metadata-3.8.6.jar
2023-01-09 12:16:11,012 [Worker-24: Launching Executing install in C__Users_91958_Downloads_SpringBoot-Application-master_SpringBoot-Application-master_SpringBootFirst] INFO  o.eclipse.m2e.core.internal.Bundles - 	Entry: C:\Users\91958\.p2\pool\plugins\org.eclipse.m2e.maven.runtime_3.8.604.20221130-2149\jars\maven-resolver-api-1.6.3.jar
2023-01-09 12:16:11,012 [Worker-24: Launching Executing install in C__Users_91958_Downloads_SpringBoot-Application-master_SpringBoot-Application-master_SpringBootFirst] INFO  o.eclipse.m2e.core.internal.Bundles - 	Entry: C:\Users\91958\.p2\pool\plugins\org.eclipse.m2e.maven.runtime_3.8.604.20221130-2149\jars\maven-resolver-connector-basic-1.6.3.jar
2023-01-09 12:16:11,013 [Worker-24: Launching Executing install in C__Users_91958_Downloads_SpringBoot-Application-master_SpringBoot-Application-master_SpringBootFirst] INFO  o.eclipse.m2e.core.internal.Bundles - 	Entry: C:\Users\91958\.p2\pool\plugins\org.eclipse.m2e.maven.runtime_3.8.604.20221130-2149\jars\maven-resolver-impl-1.6.3.jar
2023-01-09 12:16:11,013 [Worker-24: Launching Executing install in C__Users_91958_Downloads_SpringBoot-Application-master_SpringBoot-Application-master_SpringBootFirst] INFO  o.eclipse.m2e.core.internal.Bundles - 	Entry: C:\Users\91958\.p2\pool\plugins\org.eclipse.m2e.maven.runtime_3.8.604.20221130-2149\jars\maven-resolver-provider-3.8.6.jar
2023-01-09 12:16:11,013 [Worker-24: Launching Executing install in C__Users_91958_Downloads_SpringBoot-Application-master_SpringBoot-Application-master_SpringBootFirst] INFO  o.eclipse.m2e.core.internal.Bundles - 	Entry: C:\Users\91958\.p2\pool\plugins\org.eclipse.m2e.maven.runtime_3.8.604.20221130-2149\jars\maven-resolver-spi-1.6.3.jar
2023-01-09 12:16:11,014 [Worker-24: Launching Executing install in C__Users_91958_Downloads_SpringBoot-Application-master_SpringBoot-Application-master_SpringBootFirst] INFO  o.eclipse.m2e.core.internal.Bundles - 	Entry: C:\Users\91958\.p2\pool\plugins\org.eclipse.m2e.maven.runtime_3.8.604.20221130-2149\jars\maven-resolver-transport-wagon-1.6.3.jar
2023-01-09 12:16:11,014 [Worker-24: Launching Executing install in C__Users_91958_Downloads_SpringBoot-Application-master_SpringBoot-Application-master_SpringBootFirst] INFO  o.eclipse.m2e.core.internal.Bundles - 	Entry: C:\Users\91958\.p2\pool\plugins\org.eclipse.m2e.maven.runtime_3.8.604.20221130-2149\jars\maven-resolver-util-1.6.3.jar
2023-01-09 12:16:11,014 [Worker-24: Launching Executing install in C__Users_91958_Downloads_SpringBoot-Application-master_SpringBoot-Application-master_SpringBootFirst] INFO  o.eclipse.m2e.core.internal.Bundles - 	Entry: C:\Users\91958\.p2\pool\plugins\org.eclipse.m2e.maven.runtime_3.8.604.20221130-2149\jars\maven-settings-3.8.6.jar
2023-01-09 12:16:11,014 [Worker-24: Launching Executing install in C__Users_91958_Downloads_SpringBoot-Application-master_SpringBoot-Application-master_SpringBootFirst] INFO  o.eclipse.m2e.core.internal.Bundles - 	Entry: C:\Users\91958\.p2\pool\plugins\org.eclipse.m2e.maven.runtime_3.8.604.20221130-2149\jars\maven-settings-builder-3.8.6.jar
2023-01-09 12:16:11,014 [Worker-24: Launching Executing install in C__Users_91958_Downloads_SpringBoot-Application-master_SpringBoot-Application-master_SpringBootFirst] INFO  o.eclipse.m2e.core.internal.Bundles - 	Entry: C:\Users\91958\.p2\pool\plugins\org.eclipse.m2e.maven.runtime_3.8.604.20221130-2149\jars\maven-shared-utils-3.3.4.jar
2023-01-09 12:16:11,015 [Worker-24: Launching Executing install in C__Users_91958_Downloads_SpringBoot-Application-master_SpringBoot-Application-master_SpringBootFirst] INFO  o.eclipse.m2e.core.internal.Bundles - 	Entry: C:\Users\91958\.p2\pool\plugins\org.eclipse.m2e.maven.runtime_3.8.604.20221130-2149\jars\okhttp-3.14.1.jar
2023-01-09 12:16:11,015 [Worker-24: Launching Executing install in C__Users_91958_Downloads_SpringBoot-Application-master_SpringBoot-Application-master_SpringBootFirst] INFO  o.eclipse.m2e.core.internal.Bundles - 	Entry: C:\Users\91958\.p2\pool\plugins\org.eclipse.m2e.maven.runtime_3.8.604.20221130-2149\jars\okio-1.17.3.jar
2023-01-09 12:16:11,015 [Worker-24: Launching Executing install in C__Users_91958_Downloads_SpringBoot-Application-master_SpringBoot-Application-master_SpringBootFirst] INFO  o.eclipse.m2e.core.internal.Bundles - 	Entry: C:\Users\91958\.p2\pool\plugins\org.eclipse.m2e.maven.runtime_3.8.604.20221130-2149\jars\org.eclipse.sisu.inject-0.3.5.jar
2023-01-09 12:16:11,015 [Worker-24: Launching Executing install in C__Users_91958_Downloads_SpringBoot-Application-master_SpringBoot-Application-master_SpringBootFirst] INFO  o.eclipse.m2e.core.internal.Bundles - 	Entry: C:\Users\91958\.p2\pool\plugins\org.eclipse.m2e.maven.runtime_3.8.604.20221130-2149\jars\org.eclipse.sisu.plexus-0.3.5.jar
2023-01-09 12:16:11,016 [Worker-24: Launching Executing install in C__Users_91958_Downloads_SpringBoot-Application-master_SpringBoot-Application-master_SpringBootFirst] INFO  o.eclipse.m2e.core.internal.Bundles - 	Entry: C:\Users\91958\.p2\pool\plugins\org.eclipse.m2e.maven.runtime_3.8.604.20221130-2149\jars\plexus-build-api-0.0.7.jar
2023-01-09 12:16:11,016 [Worker-24: Launching Executing install in C__Users_91958_Downloads_SpringBoot-Application-master_SpringBoot-Application-master_SpringBootFirst] INFO  o.eclipse.m2e.core.internal.Bundles - 	Entry: C:\Users\91958\.p2\pool\plugins\org.eclipse.m2e.maven.runtime_3.8.604.20221130-2149\jars\plexus-cipher-2.0.jar
2023-01-09 12:16:11,016 [Worker-24: Launching Executing install in C__Users_91958_Downloads_SpringBoot-Application-master_SpringBoot-Application-master_SpringBootFirst] INFO  o.eclipse.m2e.core.internal.Bundles - 	Entry: C:\Users\91958\.p2\pool\plugins\org.eclipse.m2e.maven.runtime_3.8.604.20221130-2149\jars\plexus-classworlds-2.6.0.jar
2023-01-09 12:16:11,016 [Worker-24: Launching Executing install in C__Users_91958_Downloads_SpringBoot-Application-master_SpringBoot-Application-master_SpringBootFirst] INFO  o.eclipse.m2e.core.internal.Bundles - 	Entry: C:\Users\91958\.p2\pool\plugins\org.eclipse.m2e.maven.runtime_3.8.604.20221130-2149\jars\plexus-component-annotations-2.1.0.jar
2023-01-09 12:16:11,017 [Worker-24: Launching Executing install in C__Users_91958_Downloads_SpringBoot-Application-master_SpringBoot-Application-master_SpringBootFirst] INFO  o.eclipse.m2e.core.internal.Bundles - 	Entry: C:\Users\91958\.p2\pool\plugins\org.eclipse.m2e.maven.runtime_3.8.604.20221130-2149\jars\plexus-interpolation-1.26.jar
2023-01-09 12:16:11,017 [Worker-24: Launching Executing install in C__Users_91958_Downloads_SpringBoot-Application-master_SpringBoot-Application-master_SpringBootFirst] INFO  o.eclipse.m2e.core.internal.Bundles - 	Entry: C:\Users\91958\.p2\pool\plugins\org.eclipse.m2e.maven.runtime_3.8.604.20221130-2149\jars\plexus-sec-dispatcher-2.0.jar
2023-01-09 12:16:11,017 [Worker-24: Launching Executing install in C__Users_91958_Downloads_SpringBoot-Application-master_SpringBoot-Application-master_SpringBootFirst] INFO  o.eclipse.m2e.core.internal.Bundles - 	Entry: C:\Users\91958\.p2\pool\plugins\org.eclipse.m2e.maven.runtime_3.8.604.20221130-2149\jars\plexus-utils-3.3.1.jar
2023-01-09 12:16:11,018 [Worker-24: Launching Executing install in C__Users_91958_Downloads_SpringBoot-Application-master_SpringBoot-Application-master_SpringBootFirst] INFO  o.eclipse.m2e.core.internal.Bundles - 	Entry: C:\Users\91958\.p2\pool\plugins\org.eclipse.m2e.maven.runtime_3.8.604.20221130-2149\jars\wagon-file-3.5.1.jar
2023-01-09 12:16:11,018 [Worker-24: Launching Executing install in C__Users_91958_Downloads_SpringBoot-Application-master_SpringBoot-Application-master_SpringBootFirst] INFO  o.eclipse.m2e.core.internal.Bundles - 	Entry: C:\Users\91958\.p2\pool\plugins\org.eclipse.m2e.maven.runtime_3.8.604.20221130-2149\jars\wagon-provider-api-3.5.1.jar
2023-01-09 12:16:11,020 [Worker-24: Launching Executing install in C__Users_91958_Downloads_SpringBoot-Application-master_SpringBoot-Application-master_SpringBootFirst] INFO  o.eclipse.m2e.core.internal.Bundles - getClasspathEntries(Bundle=com.google.guava_30.1.0.v20221112-0806 [10])
2023-01-09 12:16:11,052 [Worker-24: Launching Executing install in C__Users_91958_Downloads_SpringBoot-Application-master_SpringBoot-Application-master_SpringBootFirst] INFO  o.eclipse.m2e.core.internal.Bundles - 	Entry: C:\Users\91958\.p2\pool\plugins\com.google.guava_30.1.0.v20221112-0806.jar
2023-01-09 12:16:11,053 [Worker-24: Launching Executing install in C__Users_91958_Downloads_SpringBoot-Application-master_SpringBoot-Application-master_SpringBootFirst] INFO  o.eclipse.m2e.core.internal.Bundles - getClasspathEntries(Bundle=slf4j.api_1.7.36 [915])
2023-01-09 12:16:11,232 [Worker-24: Launching Executing install in C__Users_91958_Downloads_SpringBoot-Application-master_SpringBoot-Application-master_SpringBootFirst] INFO  o.eclipse.m2e.core.internal.Bundles - 	Entry: C:\Users\91958\.p2\pool\plugins\slf4j.api_1.7.36.jar
2023-01-09 12:16:11,232 [Worker-24: Launching Executing install in C__Users_91958_Downloads_SpringBoot-Application-master_SpringBoot-Application-master_SpringBootFirst] INFO  o.eclipse.m2e.core.internal.Bundles - getClasspathEntries(Bundle=javax.inject_1.0.0.v20220405-0441 [32])
2023-01-09 12:16:12,140 [Worker-24: Launching Executing install in C__Users_91958_Downloads_SpringBoot-Application-master_SpringBoot-Application-master_SpringBootFirst] INFO  o.eclipse.m2e.core.internal.Bundles - 	Entry: C:\Users\91958\.p2\pool\plugins\javax.inject_1.0.0.v20220405-0441.jar
2023-01-09 12:16:12,141 [Worker-24: Launching Executing install in C__Users_91958_Downloads_SpringBoot-Application-master_SpringBoot-Application-master_SpringBootFirst] INFO  o.eclipse.m2e.core.internal.Bundles - getClasspathEntries(Bundle=javax.annotation_1.3.5.v20221112-0806 [30])
2023-01-09 12:16:12,164 [Worker-24: Launching Executing install in C__Users_91958_Downloads_SpringBoot-Application-master_SpringBoot-Application-master_SpringBootFirst] INFO  o.eclipse.m2e.core.internal.Bundles - 	Entry: C:\Users\91958\.p2\pool\plugins\javax.annotation_1.3.5.v20221112-0806.jar
2023-01-09 12:16:12,396 [Worker-24: Launching Executing install in C__Users_91958_Downloads_SpringBoot-Application-master_SpringBoot-Application-master_SpringBootFirst] INFO  o.e.m.i.launch.MavenLaunchDelegate - Run build in "C:\Users\91958\Downloads\SpringBoot-Application-master\SpringBoot-Application-master\SpringBootFirst":
2023-01-09 12:16:12,400 [Worker-24: Launching Executing install in C__Users_91958_Downloads_SpringBoot-Application-master_SpringBoot-Application-master_SpringBootFirst] INFO  o.e.m.i.launch.MavenLaunchDelegate -  mvn  -B -Dstyle.color=always install
2023-01-09 12:46:31,053 [Worker-25: Launching Executing clean in C__Users_91958_Downloads_SpringBoot-Application-master_SpringBoot-Application-master_SpringBootFirst] INFO  o.e.m.i.launch.MavenLaunchDelegate - Run build in "C:\Users\91958\Downloads\SpringBoot-Application-master\SpringBoot-Application-master\SpringBootFirst":
2023-01-09 12:46:31,058 [Worker-25: Launching Executing clean in C__Users_91958_Downloads_SpringBoot-Application-master_SpringBoot-Application-master_SpringBootFirst] INFO  o.e.m.i.launch.MavenLaunchDelegate -  mvn  -B -Dstyle.color=always clean
2023-01-09 12:46:59,790 [Worker-30: Updating Maven Project] INFO  o.e.m.c.i.p.ProjectConfigurationManager - Update started
2023-01-09 12:47:00,298 [Worker-30: Updating Maven Project] INFO  o.e.m.c.i.l.LifecycleMappingFactory - Using org.eclipse.m2e.jdt.JarLifecycleMapping lifecycle mapping for MavenProject: com.first:SpringBootFirst:0.0.1-SNAPSHOT @ C:\Users\91958\Downloads\SpringBoot-Application-master\SpringBoot-Application-master\SpringBootFirst\pom.xml.
2023-01-09 12:47:08,188 [Worker-30: Updating Maven Project] INFO  o.e.m.j.i.AbstractJavaProjectConfigurator - Adding source folder /SpringBootFirst/src/main/java
2023-01-09 12:47:08,188 [Worker-30: Updating Maven Project] INFO  o.e.m.j.i.AbstractJavaProjectConfigurator - Adding resource folder /SpringBootFirst/src/main/resources
2023-01-09 12:47:08,189 [Worker-30: Updating Maven Project] INFO  o.e.m.j.i.AbstractJavaProjectConfigurator - Adding resource folder /SpringBootFirst/src/main/resources
2023-01-09 12:47:08,189 [Worker-30: Updating Maven Project] INFO  o.e.m.j.i.AbstractJavaProjectConfigurator - Adding source folder /SpringBootFirst/src/test/java
2023-01-09 12:47:10,703 [Worker-30: Updating Maven Project] INFO  o.e.m.c.i.p.ProjectConfigurationManager - Update completed for 1 poms: local refresh takes 0.00 sec, refresh facades takes 8.00 sec, update config takes 0.00 sec 
2023-01-09 12:49:19,277 [Worker-32: Launching Executing install in C__Users_91958_Downloads_SpringBoot-Application-master_SpringBoot-Application-master_SpringBootFirst] INFO  o.e.m.i.launch.MavenLaunchDelegate - Run build in "C:\Users\91958\Downloads\SpringBoot-Application-master\SpringBoot-Application-master\SpringBootFirst":
2023-01-09 12:49:19,326 [Worker-32: Launching Executing install in C__Users_91958_Downloads_SpringBoot-Application-master_SpringBoot-Application-master_SpringBootFirst] INFO  o.e.m.i.launch.MavenLaunchDelegate -  mvn  -B -Dstyle.color=always install
2023-01-09 12:50:56,450 [Worker-31: Launching Executing clean in C__Users_91958_Downloads_SpringBoot-Application-master_SpringBoot-Application-master_SpringBootFirst] INFO  o.e.m.i.launch.MavenLaunchDelegate - Run build in "C:\Users\91958\Downloads\SpringBoot-Application-master\SpringBoot-Application-master\SpringBootFirst":
2023-01-09 12:50:56,450 [Worker-31: Launching Executing clean in C__Users_91958_Downloads_SpringBoot-Application-master_SpringBoot-Application-master_SpringBootFirst] INFO  o.e.m.i.launch.MavenLaunchDelegate -  mvn  -B -Dstyle.color=always clean
2023-01-09 12:51:14,130 [Worker-32: Launching Executing install in C__Users_91958_Downloads_SpringBoot-Application-master_SpringBoot-Application-master_SpringBootFirst] INFO  o.e.m.i.launch.MavenLaunchDelegate - Run build in "C:\Users\91958\Downloads\SpringBoot-Application-master\SpringBoot-Application-master\SpringBootFirst":
2023-01-09 12:51:14,130 [Worker-32: Launching Executing install in C__Users_91958_Downloads_SpringBoot-Application-master_SpringBoot-Application-master_SpringBootFirst] INFO  o.e.m.i.launch.MavenLaunchDelegate -  mvn  -B -Dstyle.color=always install
2023-01-09 12:55:22,792 [Worker-31: Building] INFO  o.e.m.c.i.l.LifecycleMappingFactory - Using org.eclipse.m2e.jdt.JarLifecycleMapping lifecycle mapping for MavenProject: com.first:SpringBootFirst:0.0.1-SNAPSHOT @ C:\Users\91958\Downloads\SpringBoot-Application-master\SpringBoot-Application-master\SpringBootFirst\pom.xml.
2023-01-09 12:55:31,875 [Worker-31: Building] INFO  o.e.m.c.i.embedder.EclipseLogger - Using 'UTF-8' encoding to copy filtered resources.
2023-01-09 12:55:31,876 [Worker-31: Building] INFO  o.e.m.c.i.embedder.EclipseLogger - Using 'UTF-8' encoding to copy filtered properties files.
2023-01-09 12:55:31,886 [Worker-31: Building] INFO  o.e.m.c.i.embedder.EclipseLogger - Copying 0 resource
2023-01-09 12:55:31,887 [Worker-31: Building] INFO  o.e.m.c.i.embedder.EclipseLogger - Copying 0 resource
2023-01-09 12:55:31,891 [Worker-31: Building] INFO  o.e.m.c.i.embedder.EclipseLogger - Using 'UTF-8' encoding to copy filtered resources.
2023-01-09 12:55:31,892 [Worker-31: Building] INFO  o.e.m.c.i.embedder.EclipseLogger - Using 'UTF-8' encoding to copy filtered properties files.
2023-01-09 12:55:31,892 [Worker-31: Building] INFO  o.e.m.c.i.embedder.EclipseLogger - skip non existing resourceDirectory C:\Users\91958\Downloads\SpringBoot-Application-master\SpringBoot-Application-master\SpringBootFirst\src\test\resources
2023-01-09 12:55:34,313 [Worker-35: Updating Maven Project] INFO  o.e.m.c.i.p.ProjectConfigurationManager - Update started
2023-01-09 12:55:34,611 [Worker-35: Updating Maven Project] INFO  o.e.m.c.i.l.LifecycleMappingFactory - Using org.eclipse.m2e.jdt.JarLifecycleMapping lifecycle mapping for MavenProject: com.first:SpringBootFirst:0.0.1-SNAPSHOT @ C:\Users\91958\Downloads\SpringBoot-Application-master\SpringBoot-Application-master\SpringBootFirst\pom.xml.
2023-01-09 12:55:35,582 [Worker-35: Updating Maven Project] INFO  o.e.m.j.i.AbstractJavaProjectConfigurator - Adding source folder /SpringBootFirst/src/main/java
2023-01-09 12:55:35,582 [Worker-35: Updating Maven Project] INFO  o.e.m.j.i.AbstractJavaProjectConfigurator - Adding resource folder /SpringBootFirst/src/main/resources
2023-01-09 12:55:35,583 [Worker-35: Updating Maven Project] INFO  o.e.m.j.i.AbstractJavaProjectConfigurator - Adding resource folder /SpringBootFirst/src/main/resources
2023-01-09 12:55:35,583 [Worker-35: Updating Maven Project] INFO  o.e.m.j.i.AbstractJavaProjectConfigurator - Adding source folder /SpringBootFirst/src/test/java
2023-01-09 12:55:36,937 [Worker-35: Updating Maven Project] INFO  o.e.m.c.i.p.ProjectConfigurationManager - Update completed for 1 poms: local refresh takes 0.00 sec, refresh facades takes 1.00 sec, update config takes 0.00 sec 
2023-01-09 12:56:20,047 [Worker-39: Launching Executing clean in C__Users_91958_Downloads_SpringBoot-Application-master_SpringBoot-Application-master_SpringBootFirst] INFO  o.e.m.i.launch.MavenLaunchDelegate - Run build in "C:\Users\91958\Downloads\SpringBoot-Application-master\SpringBoot-Application-master\SpringBootFirst":
2023-01-09 12:56:20,048 [Worker-39: Launching Executing clean in C__Users_91958_Downloads_SpringBoot-Application-master_SpringBoot-Application-master_SpringBootFirst] INFO  o.e.m.i.launch.MavenLaunchDelegate -  mvn  -B -Dstyle.color=always clean
2023-01-09 12:56:38,238 [Worker-30: Launching Executing install in C__Users_91958_Downloads_SpringBoot-Application-master_SpringBoot-Application-master_SpringBootFirst] INFO  o.e.m.i.launch.MavenLaunchDelegate - Run build in "C:\Users\91958\Downloads\SpringBoot-Application-master\SpringBoot-Application-master\SpringBootFirst":
2023-01-09 12:56:38,238 [Worker-30: Launching Executing install in C__Users_91958_Downloads_SpringBoot-Application-master_SpringBoot-Application-master_SpringBootFirst] INFO  o.e.m.i.launch.MavenLaunchDelegate -  mvn  -B -Dstyle.color=always install
2023-01-09 12:57:25,282 [Worker-30: Launching Executing install in C__Users_91958_Downloads_SpringBoot-Application-master_SpringBoot-Application-master_SpringBootFirst] INFO  o.e.m.i.launch.MavenLaunchDelegate - Run build in "C:\Users\91958\Downloads\SpringBoot-Application-master\SpringBoot-Application-master\SpringBootFirst":
2023-01-09 12:57:25,283 [Worker-30: Launching Executing install in C__Users_91958_Downloads_SpringBoot-Application-master_SpringBoot-Application-master_SpringBootFirst] INFO  o.e.m.i.launch.MavenLaunchDelegate -  mvn  -B -Dstyle.color=always install
