2023-01-04 16:03:22,162 [Worker-6: Loading available Gradle versions] INFO  o.e.b.c.i.u.g.PublishedGradleVersions - Gradle version information cache is up-to-date. Trying to read.
2023-01-04 16:05:12,969 [Worker-2: Importing Maven projects] INFO  o.e.m.c.i.l.LifecycleMappingFactory - Using org.eclipse.m2e.jdt.JarLifecycleMapping lifecycle mapping for MavenProject: com.joct:SpringBootExample:0.0.1-SNAPSHOT @ C:\Users\91958\Downloads\SpringBootExample\SpringBootExample\pom.xml.
2023-01-04 16:05:48,735 [Worker-2: Importing Maven projects] INFO  o.e.m.j.i.AbstractJavaProjectConfigurator - Adding source folder /SpringBootExample/src/main/java
2023-01-04 16:05:48,738 [Worker-2: Importing Maven projects] INFO  o.e.m.j.i.AbstractJavaProjectConfigurator - Adding resource folder /SpringBootExample/src/main/resources
2023-01-04 16:05:48,751 [Worker-2: Importing Maven projects] INFO  o.e.m.j.i.AbstractJavaProjectConfigurator - Adding resource folder /SpringBootExample/src/main/resources
2023-01-04 16:05:48,754 [Worker-2: Importing Maven projects] INFO  o.e.m.j.i.AbstractJavaProjectConfigurator - Adding source folder /SpringBootExample/src/test/java
2023-01-04 16:05:49,540 [Worker-2: Importing Maven projects] INFO  o.e.m.c.i.p.ProjectConfigurationManager - Imported and configured 1 project(s) in 56 sec
2023-01-04 16:06:53,154 [Worker-26: Updating Maven Project] INFO  o.e.m.c.i.p.ProjectConfigurationManager - Update started
2023-01-04 16:06:53,925 [Worker-26: Updating Maven Project] INFO  o.e.m.c.i.l.LifecycleMappingFactory - Using org.eclipse.m2e.jdt.JarLifecycleMapping lifecycle mapping for MavenProject: com.joct:SpringBootExample:0.0.1-SNAPSHOT @ C:\Users\91958\Downloads\SpringBootExample\SpringBootExample\pom.xml.
2023-01-04 16:06:54,968 [Worker-26: Updating Maven Project] INFO  o.e.m.j.i.AbstractJavaProjectConfigurator - Adding source folder /SpringBootExample/src/main/java
2023-01-04 16:06:54,969 [Worker-26: Updating Maven Project] INFO  o.e.m.j.i.AbstractJavaProjectConfigurator - Adding resource folder /SpringBootExample/src/main/resources
2023-01-04 16:06:54,972 [Worker-26: Updating Maven Project] INFO  o.e.m.j.i.AbstractJavaProjectConfigurator - Adding resource folder /SpringBootExample/src/main/resources
2023-01-04 16:06:54,975 [Worker-26: Updating Maven Project] INFO  o.e.m.j.i.AbstractJavaProjectConfigurator - Adding source folder /SpringBootExample/src/test/java
2023-01-04 16:06:55,649 [Worker-26: Updating Maven Project] INFO  o.e.m.c.i.p.ProjectConfigurationManager - Update completed for 1 poms: local refresh takes 0.00 sec, refresh facades takes 1.00 sec, update config takes 0.00 sec 
2023-01-04 16:07:30,107 [Worker-20: Launching Executing install in C__Users_91958_Downloads_SpringBootExample_SpringBootExample] INFO  o.eclipse.m2e.core.internal.Bundles - getClasspathEntries(Bundle=org.eclipse.m2e.maven.runtime_3.8.604.20221130-2149 [603])
2023-01-04 16:07:30,121 [Worker-20: Launching Executing install in C__Users_91958_Downloads_SpringBootExample_SpringBootExample] INFO  o.eclipse.m2e.core.internal.Bundles - 	Entry: C:\Users\91958\.p2\pool\plugins\org.eclipse.m2e.maven.runtime_3.8.604.20221130-2149
2023-01-04 16:07:30,122 [Worker-20: Launching Executing install in C__Users_91958_Downloads_SpringBootExample_SpringBootExample] INFO  o.eclipse.m2e.core.internal.Bundles - 	Entry: C:\Users\91958\.p2\pool\plugins\org.eclipse.m2e.maven.runtime_3.8.604.20221130-2149\jars\aether-connector-okhttp-0.17.8.jar
2023-01-04 16:07:30,122 [Worker-20: Launching Executing install in C__Users_91958_Downloads_SpringBootExample_SpringBootExample] INFO  o.eclipse.m2e.core.internal.Bundles - 	Entry: C:\Users\91958\.p2\pool\plugins\org.eclipse.m2e.maven.runtime_3.8.604.20221130-2149\jars\commons-cli-1.4.jar
2023-01-04 16:07:30,123 [Worker-20: Launching Executing install in C__Users_91958_Downloads_SpringBootExample_SpringBootExample] INFO  o.eclipse.m2e.core.internal.Bundles - 	Entry: C:\Users\91958\.p2\pool\plugins\org.eclipse.m2e.maven.runtime_3.8.604.20221130-2149\jars\commons-io-2.6.jar
2023-01-04 16:07:30,123 [Worker-20: Launching Executing install in C__Users_91958_Downloads_SpringBootExample_SpringBootExample] INFO  o.eclipse.m2e.core.internal.Bundles - 	Entry: C:\Users\91958\.p2\pool\plugins\org.eclipse.m2e.maven.runtime_3.8.604.20221130-2149\jars\commons-lang3-3.8.1.jar
2023-01-04 16:07:30,124 [Worker-20: Launching Executing install in C__Users_91958_Downloads_SpringBootExample_SpringBootExample] INFO  o.eclipse.m2e.core.internal.Bundles - 	Entry: C:\Users\91958\.p2\pool\plugins\org.eclipse.m2e.maven.runtime_3.8.604.20221130-2149\jars\guice-4.2.2-no_aop.jar
2023-01-04 16:07:30,124 [Worker-20: Launching Executing install in C__Users_91958_Downloads_SpringBootExample_SpringBootExample] INFO  o.eclipse.m2e.core.internal.Bundles - 	Entry: C:\Users\91958\.p2\pool\plugins\org.eclipse.m2e.maven.runtime_3.8.604.20221130-2149\jars\jansi-2.4.0.jar
2023-01-04 16:07:30,125 [Worker-20: Launching Executing install in C__Users_91958_Downloads_SpringBootExample_SpringBootExample] INFO  o.eclipse.m2e.core.internal.Bundles - 	Entry: C:\Users\91958\.p2\pool\plugins\org.eclipse.m2e.maven.runtime_3.8.604.20221130-2149\jars\maven-artifact-3.8.6.jar
2023-01-04 16:07:30,125 [Worker-20: Launching Executing install in C__Users_91958_Downloads_SpringBootExample_SpringBootExample] INFO  o.eclipse.m2e.core.internal.Bundles - 	Entry: C:\Users\91958\.p2\pool\plugins\org.eclipse.m2e.maven.runtime_3.8.604.20221130-2149\jars\maven-builder-support-3.8.6.jar
2023-01-04 16:07:30,126 [Worker-20: Launching Executing install in C__Users_91958_Downloads_SpringBootExample_SpringBootExample] INFO  o.eclipse.m2e.core.internal.Bundles - 	Entry: C:\Users\91958\.p2\pool\plugins\org.eclipse.m2e.maven.runtime_3.8.604.20221130-2149\jars\maven-compat-3.8.6.jar
2023-01-04 16:07:30,126 [Worker-20: Launching Executing install in C__Users_91958_Downloads_SpringBootExample_SpringBootExample] INFO  o.eclipse.m2e.core.internal.Bundles - 	Entry: C:\Users\91958\.p2\pool\plugins\org.eclipse.m2e.maven.runtime_3.8.604.20221130-2149\jars\maven-core-3.8.6.jar
2023-01-04 16:07:30,126 [Worker-20: Launching Executing install in C__Users_91958_Downloads_SpringBootExample_SpringBootExample] INFO  o.eclipse.m2e.core.internal.Bundles - 	Entry: C:\Users\91958\.p2\pool\plugins\org.eclipse.m2e.maven.runtime_3.8.604.20221130-2149\jars\maven-embedder-3.8.6.jar
2023-01-04 16:07:30,127 [Worker-20: Launching Executing install in C__Users_91958_Downloads_SpringBootExample_SpringBootExample] INFO  o.eclipse.m2e.core.internal.Bundles - 	Entry: C:\Users\91958\.p2\pool\plugins\org.eclipse.m2e.maven.runtime_3.8.604.20221130-2149\jars\maven-model-3.8.6.jar
2023-01-04 16:07:30,127 [Worker-20: Launching Executing install in C__Users_91958_Downloads_SpringBootExample_SpringBootExample] INFO  o.eclipse.m2e.core.internal.Bundles - 	Entry: C:\Users\91958\.p2\pool\plugins\org.eclipse.m2e.maven.runtime_3.8.604.20221130-2149\jars\maven-model-builder-3.8.6.jar
2023-01-04 16:07:30,128 [Worker-20: Launching Executing install in C__Users_91958_Downloads_SpringBootExample_SpringBootExample] INFO  o.eclipse.m2e.core.internal.Bundles - 	Entry: C:\Users\91958\.p2\pool\plugins\org.eclipse.m2e.maven.runtime_3.8.604.20221130-2149\jars\maven-plugin-api-3.8.6.jar
2023-01-04 16:07:30,128 [Worker-20: Launching Executing install in C__Users_91958_Downloads_SpringBootExample_SpringBootExample] INFO  o.eclipse.m2e.core.internal.Bundles - 	Entry: C:\Users\91958\.p2\pool\plugins\org.eclipse.m2e.maven.runtime_3.8.604.20221130-2149\jars\maven-repository-metadata-3.8.6.jar
2023-01-04 16:07:30,129 [Worker-20: Launching Executing install in C__Users_91958_Downloads_SpringBootExample_SpringBootExample] INFO  o.eclipse.m2e.core.internal.Bundles - 	Entry: C:\Users\91958\.p2\pool\plugins\org.eclipse.m2e.maven.runtime_3.8.604.20221130-2149\jars\maven-resolver-api-1.6.3.jar
2023-01-04 16:07:30,129 [Worker-20: Launching Executing install in C__Users_91958_Downloads_SpringBootExample_SpringBootExample] INFO  o.eclipse.m2e.core.internal.Bundles - 	Entry: C:\Users\91958\.p2\pool\plugins\org.eclipse.m2e.maven.runtime_3.8.604.20221130-2149\jars\maven-resolver-connector-basic-1.6.3.jar
2023-01-04 16:07:30,130 [Worker-20: Launching Executing install in C__Users_91958_Downloads_SpringBootExample_SpringBootExample] INFO  o.eclipse.m2e.core.internal.Bundles - 	Entry: C:\Users\91958\.p2\pool\plugins\org.eclipse.m2e.maven.runtime_3.8.604.20221130-2149\jars\maven-resolver-impl-1.6.3.jar
2023-01-04 16:07:30,130 [Worker-20: Launching Executing install in C__Users_91958_Downloads_SpringBootExample_SpringBootExample] INFO  o.eclipse.m2e.core.internal.Bundles - 	Entry: C:\Users\91958\.p2\pool\plugins\org.eclipse.m2e.maven.runtime_3.8.604.20221130-2149\jars\maven-resolver-provider-3.8.6.jar
2023-01-04 16:07:30,130 [Worker-20: Launching Executing install in C__Users_91958_Downloads_SpringBootExample_SpringBootExample] INFO  o.eclipse.m2e.core.internal.Bundles - 	Entry: C:\Users\91958\.p2\pool\plugins\org.eclipse.m2e.maven.runtime_3.8.604.20221130-2149\jars\maven-resolver-spi-1.6.3.jar
2023-01-04 16:07:30,131 [Worker-20: Launching Executing install in C__Users_91958_Downloads_SpringBootExample_SpringBootExample] INFO  o.eclipse.m2e.core.internal.Bundles - 	Entry: C:\Users\91958\.p2\pool\plugins\org.eclipse.m2e.maven.runtime_3.8.604.20221130-2149\jars\maven-resolver-transport-wagon-1.6.3.jar
2023-01-04 16:07:30,131 [Worker-20: Launching Executing install in C__Users_91958_Downloads_SpringBootExample_SpringBootExample] INFO  o.eclipse.m2e.core.internal.Bundles - 	Entry: C:\Users\91958\.p2\pool\plugins\org.eclipse.m2e.maven.runtime_3.8.604.20221130-2149\jars\maven-resolver-util-1.6.3.jar
2023-01-04 16:07:30,132 [Worker-20: Launching Executing install in C__Users_91958_Downloads_SpringBootExample_SpringBootExample] INFO  o.eclipse.m2e.core.internal.Bundles - 	Entry: C:\Users\91958\.p2\pool\plugins\org.eclipse.m2e.maven.runtime_3.8.604.20221130-2149\jars\maven-settings-3.8.6.jar
2023-01-04 16:07:30,132 [Worker-20: Launching Executing install in C__Users_91958_Downloads_SpringBootExample_SpringBootExample] INFO  o.eclipse.m2e.core.internal.Bundles - 	Entry: C:\Users\91958\.p2\pool\plugins\org.eclipse.m2e.maven.runtime_3.8.604.20221130-2149\jars\maven-settings-builder-3.8.6.jar
2023-01-04 16:07:30,132 [Worker-20: Launching Executing install in C__Users_91958_Downloads_SpringBootExample_SpringBootExample] INFO  o.eclipse.m2e.core.internal.Bundles - 	Entry: C:\Users\91958\.p2\pool\plugins\org.eclipse.m2e.maven.runtime_3.8.604.20221130-2149\jars\maven-shared-utils-3.3.4.jar
2023-01-04 16:07:30,133 [Worker-20: Launching Executing install in C__Users_91958_Downloads_SpringBootExample_SpringBootExample] INFO  o.eclipse.m2e.core.internal.Bundles - 	Entry: C:\Users\91958\.p2\pool\plugins\org.eclipse.m2e.maven.runtime_3.8.604.20221130-2149\jars\okhttp-3.14.1.jar
2023-01-04 16:07:30,134 [Worker-20: Launching Executing install in C__Users_91958_Downloads_SpringBootExample_SpringBootExample] INFO  o.eclipse.m2e.core.internal.Bundles - 	Entry: C:\Users\91958\.p2\pool\plugins\org.eclipse.m2e.maven.runtime_3.8.604.20221130-2149\jars\okio-1.17.3.jar
2023-01-04 16:07:30,134 [Worker-20: Launching Executing install in C__Users_91958_Downloads_SpringBootExample_SpringBootExample] INFO  o.eclipse.m2e.core.internal.Bundles - 	Entry: C:\Users\91958\.p2\pool\plugins\org.eclipse.m2e.maven.runtime_3.8.604.20221130-2149\jars\org.eclipse.sisu.inject-0.3.5.jar
2023-01-04 16:07:30,135 [Worker-20: Launching Executing install in C__Users_91958_Downloads_SpringBootExample_SpringBootExample] INFO  o.eclipse.m2e.core.internal.Bundles - 	Entry: C:\Users\91958\.p2\pool\plugins\org.eclipse.m2e.maven.runtime_3.8.604.20221130-2149\jars\org.eclipse.sisu.plexus-0.3.5.jar
2023-01-04 16:07:30,135 [Worker-20: Launching Executing install in C__Users_91958_Downloads_SpringBootExample_SpringBootExample] INFO  o.eclipse.m2e.core.internal.Bundles - 	Entry: C:\Users\91958\.p2\pool\plugins\org.eclipse.m2e.maven.runtime_3.8.604.20221130-2149\jars\plexus-build-api-0.0.7.jar
2023-01-04 16:07:30,135 [Worker-20: Launching Executing install in C__Users_91958_Downloads_SpringBootExample_SpringBootExample] INFO  o.eclipse.m2e.core.internal.Bundles - 	Entry: C:\Users\91958\.p2\pool\plugins\org.eclipse.m2e.maven.runtime_3.8.604.20221130-2149\jars\plexus-cipher-2.0.jar
2023-01-04 16:07:30,136 [Worker-20: Launching Executing install in C__Users_91958_Downloads_SpringBootExample_SpringBootExample] INFO  o.eclipse.m2e.core.internal.Bundles - 	Entry: C:\Users\91958\.p2\pool\plugins\org.eclipse.m2e.maven.runtime_3.8.604.20221130-2149\jars\plexus-classworlds-2.6.0.jar
2023-01-04 16:07:30,136 [Worker-20: Launching Executing install in C__Users_91958_Downloads_SpringBootExample_SpringBootExample] INFO  o.eclipse.m2e.core.internal.Bundles - 	Entry: C:\Users\91958\.p2\pool\plugins\org.eclipse.m2e.maven.runtime_3.8.604.20221130-2149\jars\plexus-component-annotations-2.1.0.jar
2023-01-04 16:07:30,136 [Worker-20: Launching Executing install in C__Users_91958_Downloads_SpringBootExample_SpringBootExample] INFO  o.eclipse.m2e.core.internal.Bundles - 	Entry: C:\Users\91958\.p2\pool\plugins\org.eclipse.m2e.maven.runtime_3.8.604.20221130-2149\jars\plexus-interpolation-1.26.jar
2023-01-04 16:07:30,137 [Worker-20: Launching Executing install in C__Users_91958_Downloads_SpringBootExample_SpringBootExample] INFO  o.eclipse.m2e.core.internal.Bundles - 	Entry: C:\Users\91958\.p2\pool\plugins\org.eclipse.m2e.maven.runtime_3.8.604.20221130-2149\jars\plexus-sec-dispatcher-2.0.jar
2023-01-04 16:07:30,137 [Worker-20: Launching Executing install in C__Users_91958_Downloads_SpringBootExample_SpringBootExample] INFO  o.eclipse.m2e.core.internal.Bundles - 	Entry: C:\Users\91958\.p2\pool\plugins\org.eclipse.m2e.maven.runtime_3.8.604.20221130-2149\jars\plexus-utils-3.3.1.jar
2023-01-04 16:07:30,138 [Worker-20: Launching Executing install in C__Users_91958_Downloads_SpringBootExample_SpringBootExample] INFO  o.eclipse.m2e.core.internal.Bundles - 	Entry: C:\Users\91958\.p2\pool\plugins\org.eclipse.m2e.maven.runtime_3.8.604.20221130-2149\jars\wagon-file-3.5.1.jar
2023-01-04 16:07:30,138 [Worker-20: Launching Executing install in C__Users_91958_Downloads_SpringBootExample_SpringBootExample] INFO  o.eclipse.m2e.core.internal.Bundles - 	Entry: C:\Users\91958\.p2\pool\plugins\org.eclipse.m2e.maven.runtime_3.8.604.20221130-2149\jars\wagon-provider-api-3.5.1.jar
2023-01-04 16:07:30,142 [Worker-20: Launching Executing install in C__Users_91958_Downloads_SpringBootExample_SpringBootExample] INFO  o.eclipse.m2e.core.internal.Bundles - getClasspathEntries(Bundle=com.google.guava_30.1.0.v20221112-0806 [10])
2023-01-04 16:07:30,156 [Worker-20: Launching Executing install in C__Users_91958_Downloads_SpringBootExample_SpringBootExample] INFO  o.eclipse.m2e.core.internal.Bundles - 	Entry: C:\Users\91958\.p2\pool\plugins\com.google.guava_30.1.0.v20221112-0806.jar
2023-01-04 16:07:30,157 [Worker-20: Launching Executing install in C__Users_91958_Downloads_SpringBootExample_SpringBootExample] INFO  o.eclipse.m2e.core.internal.Bundles - getClasspathEntries(Bundle=slf4j.api_1.7.36 [915])
2023-01-04 16:07:30,159 [Worker-20: Launching Executing install in C__Users_91958_Downloads_SpringBootExample_SpringBootExample] INFO  o.eclipse.m2e.core.internal.Bundles - 	Entry: C:\Users\91958\.p2\pool\plugins\slf4j.api_1.7.36.jar
2023-01-04 16:07:30,159 [Worker-20: Launching Executing install in C__Users_91958_Downloads_SpringBootExample_SpringBootExample] INFO  o.eclipse.m2e.core.internal.Bundles - getClasspathEntries(Bundle=javax.inject_1.0.0.v20220405-0441 [32])
2023-01-04 16:07:30,161 [Worker-20: Launching Executing install in C__Users_91958_Downloads_SpringBootExample_SpringBootExample] INFO  o.eclipse.m2e.core.internal.Bundles - 	Entry: C:\Users\91958\.p2\pool\plugins\javax.inject_1.0.0.v20220405-0441.jar
2023-01-04 16:07:30,162 [Worker-20: Launching Executing install in C__Users_91958_Downloads_SpringBootExample_SpringBootExample] INFO  o.eclipse.m2e.core.internal.Bundles - getClasspathEntries(Bundle=javax.annotation_1.3.5.v20221112-0806 [30])
2023-01-04 16:07:30,180 [Worker-20: Launching Executing install in C__Users_91958_Downloads_SpringBootExample_SpringBootExample] INFO  o.eclipse.m2e.core.internal.Bundles - 	Entry: C:\Users\91958\.p2\pool\plugins\javax.annotation_1.3.5.v20221112-0806.jar
2023-01-04 16:07:30,190 [Worker-20: Launching Executing install in C__Users_91958_Downloads_SpringBootExample_SpringBootExample] INFO  o.e.m.i.launch.MavenLaunchDelegate - Run build in "C:\Users\91958\Downloads\SpringBootExample\SpringBootExample":
2023-01-04 16:07:30,197 [Worker-20: Launching Executing install in C__Users_91958_Downloads_SpringBootExample_SpringBootExample] INFO  o.e.m.i.launch.MavenLaunchDelegate -  mvn  -B -Dstyle.color=always install
